  492  git push --help
  493  git config --list
  494  git push git@gitlab.rvc.renesas.com:SI/fuego-renesas.git v5.3
  495  git log -1
  496  git checkout v5.3
  497  git log -1
  498  git cherry-pick 22de25d34b28680a6dee76948bd150fc5c29069f
  499  git log -1
  500  git push git@gitlab.rvc.renesas.com:SI/fuego-renesas.git v5.3
  501  git clone git@gitlab.rvc.renesas.com:OS-Solution/feat_box_dev.git
  502  cd feat_box_dev/
  503  git branch -a
  504  git checkout -b remotes/origin/v3/FEATBox_Software
  505  git log -1
  506  git checkout -b v3/FEATBox_Software
  507  git log -1
  508  git checkout v3/FEATBox_Software
  509  gti log -1
  510  git log -1
  511  git checkout v3/FEATBox_Software
  512  git log -1